[0.149s] DEBUG:colcon:Command line arguments: ['/usr/bin/colcon', 'build']
[0.150s] DEBUG:colcon:Parsed command line arguments: Namespace(log_base=None, log_level=None, verb_name='build', build_base='build', install_base='install', merge_install=False, symlink_install=False, test_result_base=None, continue_on_error=False, executor='parallel', parallel_workers=4, event_handlers=None, ignore_user_meta=False, metas=['./colcon.meta'], base_paths=['.'], packages_ignore=None, packages_ignore_regex=None, paths=None, packages_up_to=None, packages_up_to_regex=None, packages_above=None, packages_above_and_dependencies=None, packages_above_depth=None, packages_select_by_dep=None, packages_skip_by_dep=None, packages_skip_up_to=None, packages_select_build_failed=False, packages_skip_build_finished=False, packages_select_test_failures=False, packages_skip_test_passed=False, packages_select=None, packages_skip=None, packages_select_regex=None, packages_skip_regex=None, packages_start=None, packages_end=None, allow_overriding=[], cmake_args=None, cmake_target=None, cmake_target_skip_unavailable=False, cmake_clean_cache=False, cmake_clean_first=False, cmake_force_configure=False, ament_cmake_args=None, catkin_cmake_args=None, catkin_skip_building_tests=False, mixin_files=None, mixin=None, verb_parser=<colcon_mixin.mixin.mixin_argument.MixinArgumentDecorator object at 0x78c174d5fb60>, verb_extension=<colcon_core.verb.build.BuildVerb object at 0x78c174d5f860>, main=<bound method BuildVerb.main of <colcon_core.verb.build.BuildVerb object at 0x78c174d5f860>>, mixin_verb=('build',))
[0.205s] Level 1:colcon.colcon_core.package_discovery:discover_packages(colcon_meta) check parameters
[0.206s] Level 1:colcon.colcon_core.package_discovery:discover_packages(recursive) check parameters
[0.206s] Level 1:colcon.colcon_core.package_discovery:discover_packages(ignore) check parameters
[0.206s] Level 1:colcon.colcon_core.package_discovery:discover_packages(path) check parameters
[0.206s] Level 1:colcon.colcon_core.package_discovery:discover_packages(colcon_meta) discover
[0.206s] Level 1:colcon.colcon_core.package_discovery:discover_packages(recursive) discover
[0.206s] INFO:colcon.colcon_core.package_discovery:Crawling recursively for packages in '/home/igor/ros2_ws/src'
[0.206s] Level 1:colcon.colcon_core.package_identification:_identify(.) by extensions ['ignore', 'ignore_ament_install']
[0.206s] Level 1:colcon.colcon_core.package_identification:_identify(.) by extension 'ignore'
[0.206s] Level 1:colcon.colcon_core.package_identification:_identify(.) by extension 'ignore_ament_install'
[0.207s] Level 1:colcon.colcon_core.package_identification:_identify(.) by extensions ['colcon_pkg']
[0.207s] Level 1:colcon.colcon_core.package_identification:_identify(.) by extension 'colcon_pkg'
[0.207s] Level 1:colcon.colcon_core.package_identification:_identify(.) by extensions ['colcon_meta']
[0.207s] Level 1:colcon.colcon_core.package_identification:_identify(.) by extension 'colcon_meta'
[0.207s] Level 1:colcon.colcon_core.package_identification:_identify(.) by extensions ['ros']
[0.207s] Level 1:colcon.colcon_core.package_identification:_identify(.) by extension 'ros'
[0.244s] Level 1:colcon.colcon_core.package_identification:_identify(.) by extensions ['cmake', 'python']
[0.244s] Level 1:colcon.colcon_core.package_identification:_identify(.) by extension 'cmake'
[0.244s] Level 1:colcon.colcon_core.package_identification:_identify(.) by extension 'python'
[0.244s] Level 1:colcon.colcon_core.package_identification:_identify(.) by extensions ['python_setup_py']
[0.244s] Level 1:colcon.colcon_core.package_identification:_identify(.) by extension 'python_setup_py'
[0.244s] Level 1:colcon.colcon_core.package_identification:_identify(build) by extensions ['ignore', 'ignore_ament_install']
[0.244s] Level 1:colcon.colcon_core.package_identification:_identify(build) by extension 'ignore'
[0.244s] Level 1:colcon.colcon_core.package_identification:_identify(build) ignored
[0.244s] Level 1:colcon.colcon_core.package_identification:_identify(install) by extensions ['ignore', 'ignore_ament_install']
[0.244s] Level 1:colcon.colcon_core.package_identification:_identify(install) by extension 'ignore'
[0.245s] Level 1:colcon.colcon_core.package_identification:_identify(install) ignored
[0.245s] Level 1:colcon.colcon_core.package_identification:_identify(log) by extensions ['ignore', 'ignore_ament_install']
[0.245s] Level 1:colcon.colcon_core.package_identification:_identify(log) by extension 'ignore'
[0.245s] Level 1:colcon.colcon_core.package_identification:_identify(log) ignored
[0.245s] Level 1:colcon.colcon_core.package_identification:_identify(my_robot_arm_description) by extensions ['ignore', 'ignore_ament_install']
[0.245s] Level 1:colcon.colcon_core.package_identification:_identify(my_robot_arm_description) by extension 'ignore'
[0.245s] Level 1:colcon.colcon_core.package_identification:_identify(my_robot_arm_description) by extension 'ignore_ament_install'
[0.245s] Level 1:colcon.colcon_core.package_identification:_identify(my_robot_arm_description) by extensions ['colcon_pkg']
[0.245s] Level 1:colcon.colcon_core.package_identification:_identify(my_robot_arm_description) by extension 'colcon_pkg'
[0.245s] Level 1:colcon.colcon_core.package_identification:_identify(my_robot_arm_description) by extensions ['colcon_meta']
[0.245s] Level 1:colcon.colcon_core.package_identification:_identify(my_robot_arm_description) by extension 'colcon_meta'
[0.245s] Level 1:colcon.colcon_core.package_identification:_identify(my_robot_arm_description) by extensions ['ros']
[0.245s] Level 1:colcon.colcon_core.package_identification:_identify(my_robot_arm_description) by extension 'ros'
[0.248s] DEBUG:colcon.colcon_core.package_identification:Package 'my_robot_arm_description' with type 'ros.ament_cmake' and name 'my_robot_arm_description'
[0.248s] Level 1:colcon.colcon_core.package_identification:_identify(my_robot_description) by extensions ['ignore', 'ignore_ament_install']
[0.249s] Level 1:colcon.colcon_core.package_identification:_identify(my_robot_description) by extension 'ignore'
[0.249s] Level 1:colcon.colcon_core.package_identification:_identify(my_robot_description) by extension 'ignore_ament_install'
[0.249s] Level 1:colcon.colcon_core.package_identification:_identify(my_robot_description) by extensions ['colcon_pkg']
[0.249s] Level 1:colcon.colcon_core.package_identification:_identify(my_robot_description) by extension 'colcon_pkg'
[0.249s] Level 1:colcon.colcon_core.package_identification:_identify(my_robot_description) by extensions ['colcon_meta']
[0.249s] Level 1:colcon.colcon_core.package_identification:_identify(my_robot_description) by extension 'colcon_meta'
[0.249s] Level 1:colcon.colcon_core.package_identification:_identify(my_robot_description) by extensions ['ros']
[0.249s] Level 1:colcon.colcon_core.package_identification:_identify(my_robot_description) by extension 'ros'
[0.250s] DEBUG:colcon.colcon_core.package_identification:Package 'my_robot_description' with type 'ros.ament_cmake' and name 'my_robot_description'
[0.250s] Level 1:colcon.colcon_core.package_discovery:discover_packages(recursive) using defaults
[0.250s] Level 1:colcon.colcon_core.package_discovery:discover_packages(ignore) discover
[0.250s] Level 1:colcon.colcon_core.package_discovery:discover_packages(ignore) using defaults
[0.250s] Level 1:colcon.colcon_core.package_discovery:discover_packages(path) discover
[0.250s] Level 1:colcon.colcon_core.package_discovery:discover_packages(path) using defaults
[0.272s] Level 1:colcon.colcon_core.package_discovery:discover_packages(prefix_path) check parameters
[0.272s] Level 1:colcon.colcon_core.package_discovery:discover_packages(prefix_path) discover
[0.274s] DEBUG:colcon.colcon_installed_package_information.package_discovery:Found 0 installed packages in /home/igor/ros2_ws/install
[0.276s] DEBUG:colcon.colcon_installed_package_information.package_discovery:Found 319 installed packages in /opt/ros/jazzy
[0.277s] Level 1:colcon.colcon_core.package_discovery:discover_packages(prefix_path) using defaults
[0.339s] Level 5:colcon.colcon_core.verb:set package 'my_robot_arm_description' build argument 'cmake_args' from command line to 'None'
[0.339s] Level 5:colcon.colcon_core.verb:set package 'my_robot_arm_description' build argument 'cmake_target' from command line to 'None'
[0.339s] Level 5:colcon.colcon_core.verb:set package 'my_robot_arm_description' build argument 'cmake_target_skip_unavailable' from command line to 'False'
[0.339s] Level 5:colcon.colcon_core.verb:set package 'my_robot_arm_description' build argument 'cmake_clean_cache' from command line to 'False'
[0.339s] Level 5:colcon.colcon_core.verb:set package 'my_robot_arm_description' build argument 'cmake_clean_first' from command line to 'False'
[0.339s] Level 5:colcon.colcon_core.verb:set package 'my_robot_arm_description' build argument 'cmake_force_configure' from command line to 'False'
[0.339s] Level 5:colcon.colcon_core.verb:set package 'my_robot_arm_description' build argument 'ament_cmake_args' from command line to 'None'
[0.339s] Level 5:colcon.colcon_core.verb:set package 'my_robot_arm_description' build argument 'catkin_cmake_args' from command line to 'None'
[0.340s] Level 5:colcon.colcon_core.verb:set package 'my_robot_arm_description' build argument 'catkin_skip_building_tests' from command line to 'False'
[0.340s] DEBUG:colcon.colcon_core.verb:Building package 'my_robot_arm_description' with the following arguments: {'ament_cmake_args': None, 'build_base': '/home/igor/ros2_ws/src/build/my_robot_arm_description', 'catkin_cmake_args': None, 'catkin_skip_building_tests': False, 'cmake_args': None, 'cmake_clean_cache': False, 'cmake_clean_first': False, 'cmake_force_configure': False, 'cmake_target': None, 'cmake_target_skip_unavailable': False, 'install_base': '/home/igor/ros2_ws/src/install/my_robot_arm_description', 'merge_install': False, 'path': '/home/igor/ros2_ws/src/my_robot_arm_description', 'symlink_install': False, 'test_result_base': None}
[0.340s] Level 5:colcon.colcon_core.verb:set package 'my_robot_description' build argument 'cmake_args' from command line to 'None'
[0.340s] Level 5:colcon.colcon_core.verb:set package 'my_robot_description' build argument 'cmake_target' from command line to 'None'
[0.340s] Level 5:colcon.colcon_core.verb:set package 'my_robot_description' build argument 'cmake_target_skip_unavailable' from command line to 'False'
[0.340s] Level 5:colcon.colcon_core.verb:set package 'my_robot_description' build argument 'cmake_clean_cache' from command line to 'False'
[0.340s] Level 5:colcon.colcon_core.verb:set package 'my_robot_description' build argument 'cmake_clean_first' from command line to 'False'
[0.340s] Level 5:colcon.colcon_core.verb:set package 'my_robot_description' build argument 'cmake_force_configure' from command line to 'False'
[0.340s] Level 5:colcon.colcon_core.verb:set package 'my_robot_description' build argument 'ament_cmake_args' from command line to 'None'
[0.340s] Level 5:colcon.colcon_core.verb:set package 'my_robot_description' build argument 'catkin_cmake_args' from command line to 'None'
[0.340s] Level 5:colcon.colcon_core.verb:set package 'my_robot_description' build argument 'catkin_skip_building_tests' from command line to 'False'
[0.340s] DEBUG:colcon.colcon_core.verb:Building package 'my_robot_description' with the following arguments: {'ament_cmake_args': None, 'build_base': '/home/igor/ros2_ws/src/build/my_robot_description', 'catkin_cmake_args': None, 'catkin_skip_building_tests': False, 'cmake_args': None, 'cmake_clean_cache': False, 'cmake_clean_first': False, 'cmake_force_configure': False, 'cmake_target': None, 'cmake_target_skip_unavailable': False, 'install_base': '/home/igor/ros2_ws/src/install/my_robot_description', 'merge_install': False, 'path': '/home/igor/ros2_ws/src/my_robot_description', 'symlink_install': False, 'test_result_base': None}
[0.340s] INFO:colcon.colcon_core.executor:Executing jobs using 'parallel' executor
[0.342s] DEBUG:colcon.colcon_parallel_executor.executor.parallel:run_until_complete
[0.342s] INFO:colcon.colcon_ros.task.ament_cmake.build:Building ROS package in '/home/igor/ros2_ws/src/my_robot_arm_description' with build type 'ament_cmake'
[0.343s] INFO:colcon.colcon_cmake.task.cmake.build:Building CMake package in '/home/igor/ros2_ws/src/my_robot_arm_description'
[0.345s] INFO:colcon.colcon_core.plugin_system:Skipping extension 'colcon_core.shell.bat': Not used on non-Windows systems
[0.346s] INFO:colcon.colcon_core.shell:Skip shell extension 'powershell' for command environment: Not usable outside of PowerShell
[0.346s] DEBUG:colcon.colcon_core.shell:Skip shell extension 'dsv' for command environment
[0.372s] INFO:colcon.colcon_ros.task.ament_cmake.build:Building ROS package in '/home/igor/ros2_ws/src/my_robot_description' with build type 'ament_cmake'
[0.372s] INFO:colcon.colcon_cmake.task.cmake.build:Building CMake package in '/home/igor/ros2_ws/src/my_robot_description'
[0.372s] INFO:colcon.colcon_core.shell:Skip shell extension 'powershell' for command environment: Not usable outside of PowerShell
[0.372s] DEBUG:colcon.colcon_core.shell:Skip shell extension 'dsv' for command environment
[0.386s] DEBUG:colcon.colcon_core.event_handler.log_command:Invoking command in '/home/igor/ros2_ws/src/build/my_robot_arm_description': CMAKE_PREFIX_PATH=${CMAKE_PREFIX_PATH}:/opt/ros/jazzy DEBUGINFOD_URLS=https://debuginfod.ubuntu.com /usr/bin/cmake /home/igor/ros2_ws/src/my_robot_arm_description -DCMAKE_INSTALL_PREFIX=/home/igor/ros2_ws/src/install/my_robot_arm_description
[0.392s] DEBUG:colcon.colcon_core.event_handler.log_command:Invoking command in '/home/igor/ros2_ws/src/build/my_robot_description': CMAKE_PREFIX_PATH=${CMAKE_PREFIX_PATH}:/opt/ros/jazzy DEBUGINFOD_URLS=https://debuginfod.ubuntu.com /usr/bin/cmake /home/igor/ros2_ws/src/my_robot_description -DCMAKE_INSTALL_PREFIX=/home/igor/ros2_ws/src/install/my_robot_description
[3.597s] DEBUG:colcon.colcon_core.event_handler.log_command:Invoked command in '/home/igor/ros2_ws/src/build/my_robot_description' returned '0': CMAKE_PREFIX_PATH=${CMAKE_PREFIX_PATH}:/opt/ros/jazzy DEBUGINFOD_URLS=https://debuginfod.ubuntu.com /usr/bin/cmake /home/igor/ros2_ws/src/my_robot_description -DCMAKE_INSTALL_PREFIX=/home/igor/ros2_ws/src/install/my_robot_description
[3.599s] DEBUG:colcon.colcon_core.event_handler.log_command:Invoking command in '/home/igor/ros2_ws/src/build/my_robot_description': CMAKE_PREFIX_PATH=${CMAKE_PREFIX_PATH}:/opt/ros/jazzy DEBUGINFOD_URLS=https://debuginfod.ubuntu.com /usr/bin/cmake --build /home/igor/ros2_ws/src/build/my_robot_description -- -j4 -l4
[3.601s] DEBUG:colcon.colcon_core.event_handler.log_command:Invoked command in '/home/igor/ros2_ws/src/build/my_robot_arm_description' returned '0': CMAKE_PREFIX_PATH=${CMAKE_PREFIX_PATH}:/opt/ros/jazzy DEBUGINFOD_URLS=https://debuginfod.ubuntu.com /usr/bin/cmake /home/igor/ros2_ws/src/my_robot_arm_description -DCMAKE_INSTALL_PREFIX=/home/igor/ros2_ws/src/install/my_robot_arm_description
[3.602s] DEBUG:colcon.colcon_core.event_handler.log_command:Invoking command in '/home/igor/ros2_ws/src/build/my_robot_arm_description': CMAKE_PREFIX_PATH=${CMAKE_PREFIX_PATH}:/opt/ros/jazzy DEBUGINFOD_URLS=https://debuginfod.ubuntu.com /usr/bin/cmake --build /home/igor/ros2_ws/src/build/my_robot_arm_description -- -j4 -l4
[3.669s] DEBUG:colcon.colcon_core.event_handler.log_command:Invoked command in '/home/igor/ros2_ws/src/build/my_robot_arm_description' returned '0': CMAKE_PREFIX_PATH=${CMAKE_PREFIX_PATH}:/opt/ros/jazzy DEBUGINFOD_URLS=https://debuginfod.ubuntu.com /usr/bin/cmake --build /home/igor/ros2_ws/src/build/my_robot_arm_description -- -j4 -l4
[3.689s] DEBUG:colcon.colcon_core.event_handler.log_command:Invoking command in '/home/igor/ros2_ws/src/build/my_robot_arm_description': CMAKE_PREFIX_PATH=${CMAKE_PREFIX_PATH}:/opt/ros/jazzy DEBUGINFOD_URLS=https://debuginfod.ubuntu.com /usr/bin/cmake --install /home/igor/ros2_ws/src/build/my_robot_arm_description
[3.690s] DEBUG:colcon.colcon_core.event_handler.log_command:Invoked command in '/home/igor/ros2_ws/src/build/my_robot_description' returned '0': CMAKE_PREFIX_PATH=${CMAKE_PREFIX_PATH}:/opt/ros/jazzy DEBUGINFOD_URLS=https://debuginfod.ubuntu.com /usr/bin/cmake --build /home/igor/ros2_ws/src/build/my_robot_description -- -j4 -l4
[3.692s] DEBUG:colcon.colcon_core.event_handler.log_command:Invoking command in '/home/igor/ros2_ws/src/build/my_robot_description': CMAKE_PREFIX_PATH=${CMAKE_PREFIX_PATH}:/opt/ros/jazzy DEBUGINFOD_URLS=https://debuginfod.ubuntu.com /usr/bin/cmake --install /home/igor/ros2_ws/src/build/my_robot_description
[3.713s] Level 1:colcon.colcon_core.environment:create_environment_scripts_only(my_robot_arm_description)
[3.713s] DEBUG:colcon.colcon_core.event_handler.log_command:Invoked command in '/home/igor/ros2_ws/src/build/my_robot_arm_description' returned '0': CMAKE_PREFIX_PATH=${CMAKE_PREFIX_PATH}:/opt/ros/jazzy DEBUGINFOD_URLS=https://debuginfod.ubuntu.com /usr/bin/cmake --install /home/igor/ros2_ws/src/build/my_robot_arm_description
[3.784s] Level 1:colcon.colcon_core.environment:checking '/home/igor/ros2_ws/src/install/my_robot_arm_description' for CMake module files
[3.786s] Level 1:colcon.colcon_core.environment:checking '/home/igor/ros2_ws/src/install/my_robot_arm_description' for CMake config files
[3.786s] Level 1:colcon.colcon_core.shell:create_environment_hook('my_robot_arm_description', 'cmake_prefix_path')
[3.787s] INFO:colcon.colcon_core.shell:Creating environment hook '/home/igor/ros2_ws/src/install/my_robot_arm_description/share/my_robot_arm_description/hook/cmake_prefix_path.ps1'
[3.803s] INFO:colcon.colcon_core.shell:Creating environment descriptor '/home/igor/ros2_ws/src/install/my_robot_arm_description/share/my_robot_arm_description/hook/cmake_prefix_path.dsv'
[3.804s] INFO:colcon.colcon_core.shell:Creating environment hook '/home/igor/ros2_ws/src/install/my_robot_arm_description/share/my_robot_arm_description/hook/cmake_prefix_path.sh'
[3.806s] Level 1:colcon.colcon_core.environment:checking '/home/igor/ros2_ws/src/install/my_robot_arm_description/bin'
[3.806s] Level 1:colcon.colcon_core.environment:checking '/home/igor/ros2_ws/src/install/my_robot_arm_description/lib/pkgconfig/my_robot_arm_description.pc'
[3.807s] Level 1:colcon.colcon_core.environment:checking '/home/igor/ros2_ws/src/install/my_robot_arm_description/lib/python3.12/site-packages'
[3.807s] Level 1:colcon.colcon_core.environment:checking '/home/igor/ros2_ws/src/install/my_robot_arm_description/bin'
[3.808s] INFO:colcon.colcon_core.shell:Creating package script '/home/igor/ros2_ws/src/install/my_robot_arm_description/share/my_robot_arm_description/package.ps1'
[3.810s] INFO:colcon.colcon_core.shell:Creating package descriptor '/home/igor/ros2_ws/src/install/my_robot_arm_description/share/my_robot_arm_description/package.dsv'
[3.811s] INFO:colcon.colcon_core.shell:Creating package script '/home/igor/ros2_ws/src/install/my_robot_arm_description/share/my_robot_arm_description/package.sh'
[3.813s] INFO:colcon.colcon_core.shell:Creating package script '/home/igor/ros2_ws/src/install/my_robot_arm_description/share/my_robot_arm_description/package.bash'
[3.833s] INFO:colcon.colcon_core.shell:Creating package script '/home/igor/ros2_ws/src/install/my_robot_arm_description/share/my_robot_arm_description/package.zsh'
[3.834s] Level 1:colcon.colcon_core.environment:create_file_with_runtime_dependencies(/home/igor/ros2_ws/src/install/my_robot_arm_description/share/colcon-core/packages/my_robot_arm_description)
[3.835s] Level 1:colcon.colcon_core.environment:create_environment_scripts_only(my_robot_arm_description)
[3.836s] Level 1:colcon.colcon_core.environment:checking '/home/igor/ros2_ws/src/install/my_robot_arm_description' for CMake module files
[3.837s] Level 1:colcon.colcon_core.environment:checking '/home/igor/ros2_ws/src/install/my_robot_arm_description' for CMake config files
[3.838s] Level 1:colcon.colcon_core.shell:create_environment_hook('my_robot_arm_description', 'cmake_prefix_path')
[3.838s] INFO:colcon.colcon_core.shell:Creating environment hook '/home/igor/ros2_ws/src/install/my_robot_arm_description/share/my_robot_arm_description/hook/cmake_prefix_path.ps1'
[3.839s] INFO:colcon.colcon_core.shell:Creating environment descriptor '/home/igor/ros2_ws/src/install/my_robot_arm_description/share/my_robot_arm_description/hook/cmake_prefix_path.dsv'
[3.840s] INFO:colcon.colcon_core.shell:Creating environment hook '/home/igor/ros2_ws/src/install/my_robot_arm_description/share/my_robot_arm_description/hook/cmake_prefix_path.sh'
[3.841s] Level 1:colcon.colcon_core.environment:checking '/home/igor/ros2_ws/src/install/my_robot_arm_description/bin'
[3.842s] Level 1:colcon.colcon_core.environment:checking '/home/igor/ros2_ws/src/install/my_robot_arm_description/lib/pkgconfig/my_robot_arm_description.pc'
[3.842s] Level 1:colcon.colcon_core.environment:checking '/home/igor/ros2_ws/src/install/my_robot_arm_description/lib/python3.12/site-packages'
[3.843s] Level 1:colcon.colcon_core.environment:checking '/home/igor/ros2_ws/src/install/my_robot_arm_description/bin'
[3.844s] INFO:colcon.colcon_core.shell:Creating package script '/home/igor/ros2_ws/src/install/my_robot_arm_description/share/my_robot_arm_description/package.ps1'
[3.846s] INFO:colcon.colcon_core.shell:Creating package descriptor '/home/igor/ros2_ws/src/install/my_robot_arm_description/share/my_robot_arm_description/package.dsv'
[3.847s] INFO:colcon.colcon_core.shell:Creating package script '/home/igor/ros2_ws/src/install/my_robot_arm_description/share/my_robot_arm_description/package.sh'
[3.848s] INFO:colcon.colcon_core.shell:Creating package script '/home/igor/ros2_ws/src/install/my_robot_arm_description/share/my_robot_arm_description/package.bash'
[3.850s] INFO:colcon.colcon_core.shell:Creating package script '/home/igor/ros2_ws/src/install/my_robot_arm_description/share/my_robot_arm_description/package.zsh'
[3.851s] Level 1:colcon.colcon_core.environment:create_file_with_runtime_dependencies(/home/igor/ros2_ws/src/install/my_robot_arm_description/share/colcon-core/packages/my_robot_arm_description)
[3.851s] Level 1:colcon.colcon_core.environment:create_environment_scripts_only(my_robot_description)
[3.852s] Level 1:colcon.colcon_core.environment:checking '/home/igor/ros2_ws/src/install/my_robot_description' for CMake module files
[3.856s] DEBUG:colcon.colcon_core.event_handler.log_command:Invoked command in '/home/igor/ros2_ws/src/build/my_robot_description' returned '0': CMAKE_PREFIX_PATH=${CMAKE_PREFIX_PATH}:/opt/ros/jazzy DEBUGINFOD_URLS=https://debuginfod.ubuntu.com /usr/bin/cmake --install /home/igor/ros2_ws/src/build/my_robot_description
[3.856s] Level 1:colcon.colcon_core.environment:checking '/home/igor/ros2_ws/src/install/my_robot_description' for CMake config files
[3.856s] Level 1:colcon.colcon_core.shell:create_environment_hook('my_robot_description', 'cmake_prefix_path')
[3.857s] INFO:colcon.colcon_core.shell:Creating environment hook '/home/igor/ros2_ws/src/install/my_robot_description/share/my_robot_description/hook/cmake_prefix_path.ps1'
[3.858s] INFO:colcon.colcon_core.shell:Creating environment descriptor '/home/igor/ros2_ws/src/install/my_robot_description/share/my_robot_description/hook/cmake_prefix_path.dsv'
[3.860s] INFO:colcon.colcon_core.shell:Creating environment hook '/home/igor/ros2_ws/src/install/my_robot_description/share/my_robot_description/hook/cmake_prefix_path.sh'
[3.861s] Level 1:colcon.colcon_core.environment:checking '/home/igor/ros2_ws/src/install/my_robot_description/bin'
[3.861s] Level 1:colcon.colcon_core.environment:checking '/home/igor/ros2_ws/src/install/my_robot_description/lib/pkgconfig/my_robot_description.pc'
[3.862s] Level 1:colcon.colcon_core.environment:checking '/home/igor/ros2_ws/src/install/my_robot_description/lib/python3.12/site-packages'
[3.862s] Level 1:colcon.colcon_core.environment:checking '/home/igor/ros2_ws/src/install/my_robot_description/bin'
[3.863s] INFO:colcon.colcon_core.shell:Creating package script '/home/igor/ros2_ws/src/install/my_robot_description/share/my_robot_description/package.ps1'
[3.864s] INFO:colcon.colcon_core.shell:Creating package descriptor '/home/igor/ros2_ws/src/install/my_robot_description/share/my_robot_description/package.dsv'
[3.865s] INFO:colcon.colcon_core.shell:Creating package script '/home/igor/ros2_ws/src/install/my_robot_description/share/my_robot_description/package.sh'
[3.865s] INFO:colcon.colcon_core.shell:Creating package script '/home/igor/ros2_ws/src/install/my_robot_description/share/my_robot_description/package.bash'
[3.866s] INFO:colcon.colcon_core.shell:Creating package script '/home/igor/ros2_ws/src/install/my_robot_description/share/my_robot_description/package.zsh'
[3.866s] Level 1:colcon.colcon_core.environment:create_file_with_runtime_dependencies(/home/igor/ros2_ws/src/install/my_robot_description/share/colcon-core/packages/my_robot_description)
[3.867s] Level 1:colcon.colcon_core.environment:create_environment_scripts_only(my_robot_description)
[3.867s] Level 1:colcon.colcon_core.environment:checking '/home/igor/ros2_ws/src/install/my_robot_description' for CMake module files
[3.868s] Level 1:colcon.colcon_core.environment:checking '/home/igor/ros2_ws/src/install/my_robot_description' for CMake config files
[3.869s] Level 1:colcon.colcon_core.shell:create_environment_hook('my_robot_description', 'cmake_prefix_path')
[3.869s] INFO:colcon.colcon_core.shell:Creating environment hook '/home/igor/ros2_ws/src/install/my_robot_description/share/my_robot_description/hook/cmake_prefix_path.ps1'
[3.870s] INFO:colcon.colcon_core.shell:Creating environment descriptor '/home/igor/ros2_ws/src/install/my_robot_description/share/my_robot_description/hook/cmake_prefix_path.dsv'
[3.870s] INFO:colcon.colcon_core.shell:Creating environment hook '/home/igor/ros2_ws/src/install/my_robot_description/share/my_robot_description/hook/cmake_prefix_path.sh'
[3.871s] Level 1:colcon.colcon_core.environment:checking '/home/igor/ros2_ws/src/install/my_robot_description/bin'
[3.871s] Level 1:colcon.colcon_core.environment:checking '/home/igor/ros2_ws/src/install/my_robot_description/lib/pkgconfig/my_robot_description.pc'
[3.871s] Level 1:colcon.colcon_core.environment:checking '/home/igor/ros2_ws/src/install/my_robot_description/lib/python3.12/site-packages'
[3.872s] Level 1:colcon.colcon_core.environment:checking '/home/igor/ros2_ws/src/install/my_robot_description/bin'
[3.872s] INFO:colcon.colcon_core.shell:Creating package script '/home/igor/ros2_ws/src/install/my_robot_description/share/my_robot_description/package.ps1'
[3.873s] INFO:colcon.colcon_core.shell:Creating package descriptor '/home/igor/ros2_ws/src/install/my_robot_description/share/my_robot_description/package.dsv'
[3.873s] INFO:colcon.colcon_core.shell:Creating package script '/home/igor/ros2_ws/src/install/my_robot_description/share/my_robot_description/package.sh'
[3.874s] INFO:colcon.colcon_core.shell:Creating package script '/home/igor/ros2_ws/src/install/my_robot_description/share/my_robot_description/package.bash'
[3.875s] INFO:colcon.colcon_core.shell:Creating package script '/home/igor/ros2_ws/src/install/my_robot_description/share/my_robot_description/package.zsh'
[3.875s] Level 1:colcon.colcon_core.environment:create_file_with_runtime_dependencies(/home/igor/ros2_ws/src/install/my_robot_description/share/colcon-core/packages/my_robot_description)
[3.876s] DEBUG:colcon.colcon_parallel_executor.executor.parallel:closing loop
[3.877s] DEBUG:colcon.colcon_parallel_executor.executor.parallel:loop closed
[3.877s] DEBUG:colcon.colcon_parallel_executor.executor.parallel:run_until_complete finished with '0'
[3.877s] DEBUG:colcon.colcon_core.event_reactor:joining thread
[3.893s] INFO:colcon.colcon_core.plugin_system:Skipping extension 'colcon_notification.desktop_notification.terminal_notifier': Not used on non-Darwin systems
[3.893s] INFO:colcon.colcon_core.plugin_system:Skipping extension 'colcon_notification.desktop_notification.win32': Not used on non-Windows systems
[3.894s] INFO:colcon.colcon_notification.desktop_notification:Sending desktop notification using 'notify2'
[3.931s] DEBUG:colcon.colcon_core.event_reactor:joined thread
[3.931s] INFO:colcon.colcon_core.shell:Creating prefix script '/home/igor/ros2_ws/src/install/local_setup.ps1'
[3.933s] INFO:colcon.colcon_core.shell:Creating prefix util module '/home/igor/ros2_ws/src/install/_local_setup_util_ps1.py'
[3.934s] INFO:colcon.colcon_core.shell:Creating prefix chain script '/home/igor/ros2_ws/src/install/setup.ps1'
[3.936s] INFO:colcon.colcon_core.shell:Creating prefix script '/home/igor/ros2_ws/src/install/local_setup.sh'
[3.937s] INFO:colcon.colcon_core.shell:Creating prefix util module '/home/igor/ros2_ws/src/install/_local_setup_util_sh.py'
[3.938s] INFO:colcon.colcon_core.shell:Creating prefix chain script '/home/igor/ros2_ws/src/install/setup.sh'
[3.940s] INFO:colcon.colcon_core.shell:Creating prefix script '/home/igor/ros2_ws/src/install/local_setup.bash'
[3.941s] INFO:colcon.colcon_core.shell:Creating prefix chain script '/home/igor/ros2_ws/src/install/setup.bash'
[3.943s] INFO:colcon.colcon_core.shell:Creating prefix script '/home/igor/ros2_ws/src/install/local_setup.zsh'
[3.943s] INFO:colcon.colcon_core.shell:Creating prefix chain script '/home/igor/ros2_ws/src/install/setup.zsh'
