[0.043s] Invoking command in '/home/igor/ros2_ws/src/build/my_robot_arm_description': CMAKE_PREFIX_PATH=${CMAKE_PREFIX_PATH}:/opt/ros/jazzy DEBUGINFOD_URLS=https://debuginfod.ubuntu.com /usr/bin/cmake /home/igor/ros2_ws/src/my_robot_arm_description -DCMAKE_INSTALL_PREFIX=/home/igor/ros2_ws/src/install/my_robot_arm_description
[0.992s] -- The C compiler identification is GNU 13.3.0
[1.459s] -- The CXX compiler identification is GNU 13.3.0
[1.566s] -- Detecting C compiler ABI info
[1.889s] -- Detecting C compiler ABI info - done
[1.905s] -- Check for working C compiler: /usr/bin/cc - skipped
[1.907s] -- Detecting C compile features
[1.907s] -- Detecting C compile features - done
[1.922s] -- Detecting CXX compiler ABI info
[2.104s] -- Detecting CXX compiler ABI info - done
[2.119s] -- Check for working CXX compiler: /usr/bin/c++ - skipped
[2.120s] -- Detecting CXX compile features
[2.120s] -- Detecting CXX compile features - done
[2.466s] -- Found ament_cmake: 2.5.3 (/opt/ros/jazzy/share/ament_cmake/cmake)
[2.799s] -- Found Python3: /usr/bin/python3 (found version "3.12.3") found components: Interpreter 
[3.238s] -- Configuring done (3.2s)
[3.244s] -- Generating done (0.0s)
[3.247s] -- Build files have been written to: /home/igor/ros2_ws/src/build/my_robot_arm_description
[3.258s] Invoked command in '/home/igor/ros2_ws/src/build/my_robot_arm_description' returned '0': CMAKE_PREFIX_PATH=${CMAKE_PREFIX_PATH}:/opt/ros/jazzy DEBUGINFOD_URLS=https://debuginfod.ubuntu.com /usr/bin/cmake /home/igor/ros2_ws/src/my_robot_arm_description -DCMAKE_INSTALL_PREFIX=/home/igor/ros2_ws/src/install/my_robot_arm_description
[3.260s] Invoking command in '/home/igor/ros2_ws/src/build/my_robot_arm_description': CMAKE_PREFIX_PATH=${CMAKE_PREFIX_PATH}:/opt/ros/jazzy DEBUGINFOD_URLS=https://debuginfod.ubuntu.com /usr/bin/cmake --build /home/igor/ros2_ws/src/build/my_robot_arm_description -- -j4 -l4
[3.327s] Invoked command in '/home/igor/ros2_ws/src/build/my_robot_arm_description' returned '0': CMAKE_PREFIX_PATH=${CMAKE_PREFIX_PATH}:/opt/ros/jazzy DEBUGINFOD_URLS=https://debuginfod.ubuntu.com /usr/bin/cmake --build /home/igor/ros2_ws/src/build/my_robot_arm_description -- -j4 -l4
[3.347s] Invoking command in '/home/igor/ros2_ws/src/build/my_robot_arm_description': CMAKE_PREFIX_PATH=${CMAKE_PREFIX_PATH}:/opt/ros/jazzy DEBUGINFOD_URLS=https://debuginfod.ubuntu.com /usr/bin/cmake --install /home/igor/ros2_ws/src/build/my_robot_arm_description
[3.361s] -- Install configuration: ""
[3.361s] -- Installing: /home/igor/ros2_ws/src/install/my_robot_arm_description/share/my_robot_arm_description//urdf
[3.362s] -- Installing: /home/igor/ros2_ws/src/install/my_robot_arm_description/share/my_robot_arm_description//urdf/my_robot_arm.urdf
[3.363s] -- Installing: /home/igor/ros2_ws/src/install/my_robot_arm_description/share/ament_index/resource_index/package_run_dependencies/my_robot_arm_description
[3.363s] -- Installing: /home/igor/ros2_ws/src/install/my_robot_arm_description/share/ament_index/resource_index/parent_prefix_path/my_robot_arm_description
[3.363s] -- Installing: /home/igor/ros2_ws/src/install/my_robot_arm_description/share/my_robot_arm_description/environment/ament_prefix_path.sh
[3.365s] -- Installing: /home/igor/ros2_ws/src/install/my_robot_arm_description/share/my_robot_arm_description/environment/ament_prefix_path.dsv
[3.365s] -- Installing: /home/igor/ros2_ws/src/install/my_robot_arm_description/share/my_robot_arm_description/environment/path.sh
[3.365s] -- Installing: /home/igor/ros2_ws/src/install/my_robot_arm_description/share/my_robot_arm_description/environment/path.dsv
[3.366s] -- Installing: /home/igor/ros2_ws/src/install/my_robot_arm_description/share/my_robot_arm_description/local_setup.bash
[3.366s] -- Installing: /home/igor/ros2_ws/src/install/my_robot_arm_description/share/my_robot_arm_description/local_setup.sh
[3.367s] -- Installing: /home/igor/ros2_ws/src/install/my_robot_arm_description/share/my_robot_arm_description/local_setup.zsh
[3.367s] -- Installing: /home/igor/ros2_ws/src/install/my_robot_arm_description/share/my_robot_arm_description/local_setup.dsv
[3.367s] -- Installing: /home/igor/ros2_ws/src/install/my_robot_arm_description/share/my_robot_arm_description/package.dsv
[3.368s] -- Installing: /home/igor/ros2_ws/src/install/my_robot_arm_description/share/ament_index/resource_index/packages/my_robot_arm_description
[3.368s] -- Installing: /home/igor/ros2_ws/src/install/my_robot_arm_description/share/my_robot_arm_description/cmake/my_robot_arm_descriptionConfig.cmake
[3.368s] -- Installing: /home/igor/ros2_ws/src/install/my_robot_arm_description/share/my_robot_arm_description/cmake/my_robot_arm_descriptionConfig-version.cmake
[3.368s] -- Installing: /home/igor/ros2_ws/src/install/my_robot_arm_description/share/my_robot_arm_description/package.xml
[3.371s] Invoked command in '/home/igor/ros2_ws/src/build/my_robot_arm_description' returned '0': CMAKE_PREFIX_PATH=${CMAKE_PREFIX_PATH}:/opt/ros/jazzy DEBUGINFOD_URLS=https://debuginfod.ubuntu.com /usr/bin/cmake --install /home/igor/ros2_ws/src/build/my_robot_arm_description
